<?xml version="1.0" encoding="UTF-8"?>
<!-- Generated by org.testng.reporters.JUnitReportReporter -->
<testsuite hostname="TYSS-Apoorva" failures="0" tests="1" name="workingWithUnitTestngTool.p1" time="3.086" errors="1" timestamp="2024-01-23T20:54:56 IST" skipped="0">
  <testcase classname="workingWithUnitTestngTool.p1" name="toLunchDemoWebShop" time="3.086">
    <error message="Method workingWithUnitTestngTool.p1.toLunchDemoWebShop() didn&#039;t finish within the time-out 3000" type="org.testng.internal.thread.ThreadTimeoutException">
      <![CDATA[org.testng.internal.thread.ThreadTimeoutException: Method workingWithUnitTestngTool.p1.toLunchDemoWebShop() didn't finish within the time-out 3000
at java.base@11.0.20/jdk.internal.misc.Unsafe.park(Native Method)
at java.base@11.0.20/java.util.concurrent.locks.LockSupport.parkNanos(LockSupport.java:234)
at java.base@11.0.20/java.util.concurrent.CompletableFuture$Signaller.block(CompletableFuture.java:1798)
at java.base@11.0.20/java.util.concurrent.ForkJoinPool.managedBlock(ForkJoinPool.java:3128)
at java.base@11.0.20/java.util.concurrent.CompletableFuture.timedGet(CompletableFuture.java:1868)
at java.base@11.0.20/java.util.concurrent.CompletableFuture.get(CompletableFuture.java:2021)
at app//org.openqa.selenium.remote.http.jdk.JdkHttpClient.execute0(JdkHttpClient.java:385)
at app//org.openqa.selenium.remote.http.jdk.JdkHttpClient$$Lambda$254/0x0000000800235440.execute(Unknown Source)
at app//org.openqa.selenium.remote.http.AddSeleniumUserAgent.lambda$apply$0(AddSeleniumUserAgent.java:42)
at app//org.openqa.selenium.remote.http.AddSeleniumUserAgent$$Lambda$404/0x00000008002ffc40.execute(Unknown Source)
at app//org.openqa.selenium.remote.http.Filter.lambda$andFinally$1(Filter.java:55)
at app//org.openqa.selenium.remote.http.Filter$$Lambda$255/0x0000000800237040.execute(Unknown Source)
at app//org.openqa.selenium.remote.http.jdk.JdkHttpClient.execute(JdkHttpClient.java:358)
at app//org.openqa.selenium.remote.ProtocolHandshake.createSession(ProtocolHandshake.java:115)
at app//org.openqa.selenium.remote.ProtocolHandshake.createSession(ProtocolHandshake.java:96)
at app//org.openqa.selenium.remote.ProtocolHandshake.createSession(ProtocolHandshake.java:68)
at app//org.openqa.selenium.remote.HttpCommandExecutor.execute(HttpCommandExecutor.java:163)
at app//org.openqa.selenium.remote.service.DriverCommandExecutor.invokeExecute(DriverCommandExecutor.java:200)
at app//org.openqa.selenium.remote.service.DriverCommandExecutor.execute(DriverCommandExecutor.java:175)
at app//org.openqa.selenium.remote.RemoteWebDriver.execute(RemoteWebDriver.java:523)
at app//org.openqa.selenium.remote.RemoteWebDriver.startSession(RemoteWebDriver.java:237)
at app//org.openqa.selenium.remote.RemoteWebDriver.<init>(RemoteWebDriver.java:164)
at app//org.openqa.selenium.chromium.ChromiumDriver.<init>(ChromiumDriver.java:114)
at app//org.openqa.selenium.chrome.ChromeDriver.<init>(ChromeDriver.java:89)
at app//org.openqa.selenium.chrome.ChromeDriver.<init>(ChromeDriver.java:84)
at app//org.openqa.selenium.chrome.ChromeDriver.<init>(ChromeDriver.java:52)
at app//workingWithUnitTestngTool.p1.toLunchDemoWebShop(p1.java:11)
at java.base@11.0.20/jdk.internal.reflect.NativeMethodAccessorImpl.invoke0(Native Method)
at java.base@11.0.20/jdk.internal.reflect.NativeMethodAccessorImpl.invoke(NativeMethodAccessorImpl.java:62)
at java.base@11.0.20/jdk.internal.reflect.DelegatingMethodAccessorImpl.invoke(DelegatingMethodAccessorImpl.java:43)
at java.base@11.0.20/java.lang.reflect.Method.invoke(Method.java:566)
at app//org.testng.internal.invokers.MethodInvocationHelper.invokeMethod(MethodInvocationHelper.java:139)
at app//org.testng.internal.invokers.InvokeMethodRunnable.runOne(InvokeMethodRunnable.java:47)
at app//org.testng.internal.invokers.InvokeMethodRunnable.call(InvokeMethodRunnable.java:76)
at app//org.testng.internal.invokers.InvokeMethodRunnable.call(InvokeMethodRunnable.java:11)
at java.base@11.0.20/java.util.concurrent.FutureTask.run(FutureTask.java:264)
at java.base@11.0.20/java.util.concurrent.ThreadPoolExecutor.runWorker(ThreadPoolExecutor.java:1128)
at java.base@11.0.20/java.util.concurrent.ThreadPoolExecutor$Worker.run(ThreadPoolExecutor.java:628)
at java.base@11.0.20/java.lang.Thread.run(Thread.java:834)
]]>
    </error>
  </testcase> <!-- toLunchDemoWebShop -->
</testsuite> <!-- workingWithUnitTestngTool.p1 -->
